running egg_info
writing ../../build/lidar_slam_robot/lidar_slam_robot.egg-info/PKG-INFO
writing dependency_links to ../../build/lidar_slam_robot/lidar_slam_robot.egg-info/dependency_links.txt
writing entry points to ../../build/lidar_slam_robot/lidar_slam_robot.egg-info/entry_points.txt
writing requirements to ../../build/lidar_slam_robot/lidar_slam_robot.egg-info/requires.txt
writing top-level names to ../../build/lidar_slam_robot/lidar_slam_robot.egg-info/top_level.txt
reading manifest file '../../build/lidar_slam_robot/lidar_slam_robot.egg-info/SOURCES.txt'
writing manifest file '../../build/lidar_slam_robot/lidar_slam_robot.egg-info/SOURCES.txt'
running build
running build_py
running install
running install_lib
running install_data
creating /home/vboxuser/lidar_slam_ws/install/lidar_slam_robot/share/lidar_slam_robot/launch
copying launch/slam.launch.py -> /home/vboxuser/lidar_slam_ws/install/lidar_slam_robot/share/lidar_slam_robot/launch
running install_egg_info
removing '/home/vboxuser/lidar_slam_ws/install/lidar_slam_robot/lib/python3.10/site-packages/lidar_slam_robot-0.0.1-py3.10.egg-info' (and everything under it)
Copying ../../build/lidar_slam_robot/lidar_slam_robot.egg-info to /home/vboxuser/lidar_slam_ws/install/lidar_slam_robot/lib/python3.10/site-packages/lidar_slam_robot-0.0.1-py3.10.egg-info
running install_scripts
Installing teleop_controller script to /home/vboxuser/lidar_slam_ws/install/lidar_slam_robot/lib/lidar_slam_robot
writing list of installed files to '/home/vboxuser/lidar_slam_ws/build/lidar_slam_robot/install.log'
