[0.630s] Invoking command in '/home/vboxuser/lidar_slam_ws/src/lidar_slam_robot': PYTHONPATH=/home/vboxuser/lidar_slam_ws/build/lidar_slam_robot/prefix_override:/usr/lib/python3/dist-packages/colcon_core/task/python/colcon_distutils_commands:/home/vboxuser/lidar_slam_ws/install/lidar_slam_robot/lib/python3.10/site-packages:${PYTHONPATH} /usr/bin/python3 -W ignore:setup.py install is deprecated -W ignore:easy_install command is deprecated setup.py egg_info --egg-base ../../build/lidar_slam_robot build --build-base /home/vboxuser/lidar_slam_ws/build/lidar_slam_robot/build install --record /home/vboxuser/lidar_slam_ws/build/lidar_slam_robot/install.log --install-scripts $base/lib/lidar_slam_robot --single-version-externally-managed install_data
[0.863s] running egg_info
[0.865s] writing ../../build/lidar_slam_robot/lidar_slam_robot.egg-info/PKG-INFO
[0.866s] writing dependency_links to ../../build/lidar_slam_robot/lidar_slam_robot.egg-info/dependency_links.txt
[0.866s] writing entry points to ../../build/lidar_slam_robot/lidar_slam_robot.egg-info/entry_points.txt
[0.866s] writing requirements to ../../build/lidar_slam_robot/lidar_slam_robot.egg-info/requires.txt
[0.866s] writing top-level names to ../../build/lidar_slam_robot/lidar_slam_robot.egg-info/top_level.txt
[0.869s] reading manifest file '../../build/lidar_slam_robot/lidar_slam_robot.egg-info/SOURCES.txt'
[0.869s] writing manifest file '../../build/lidar_slam_robot/lidar_slam_robot.egg-info/SOURCES.txt'
[0.869s] running build
[0.870s] running build_py
[0.870s] running install
[0.870s] running install_lib
[0.871s] running install_data
[0.871s] creating /home/vboxuser/lidar_slam_ws/install/lidar_slam_robot/share/lidar_slam_robot/launch
[0.871s] copying launch/slam.launch.py -> /home/vboxuser/lidar_slam_ws/install/lidar_slam_robot/share/lidar_slam_robot/launch
[0.872s] running install_egg_info
[0.873s] removing '/home/vboxuser/lidar_slam_ws/install/lidar_slam_robot/lib/python3.10/site-packages/lidar_slam_robot-0.0.1-py3.10.egg-info' (and everything under it)
[0.876s] Copying ../../build/lidar_slam_robot/lidar_slam_robot.egg-info to /home/vboxuser/lidar_slam_ws/install/lidar_slam_robot/lib/python3.10/site-packages/lidar_slam_robot-0.0.1-py3.10.egg-info
[0.877s] running install_scripts
[0.900s] Installing teleop_controller script to /home/vboxuser/lidar_slam_ws/install/lidar_slam_robot/lib/lidar_slam_robot
[0.901s] writing list of installed files to '/home/vboxuser/lidar_slam_ws/build/lidar_slam_robot/install.log'
[0.945s] Invoked command in '/home/vboxuser/lidar_slam_ws/src/lidar_slam_robot' returned '0': PYTHONPATH=/home/vboxuser/lidar_slam_ws/build/lidar_slam_robot/prefix_override:/usr/lib/python3/dist-packages/colcon_core/task/python/colcon_distutils_commands:/home/vboxuser/lidar_slam_ws/install/lidar_slam_robot/lib/python3.10/site-packages:${PYTHONPATH} /usr/bin/python3 -W ignore:setup.py install is deprecated -W ignore:easy_install command is deprecated setup.py egg_info --egg-base ../../build/lidar_slam_robot build --build-base /home/vboxuser/lidar_slam_ws/build/lidar_slam_robot/build install --record /home/vboxuser/lidar_slam_ws/build/lidar_slam_robot/install.log --install-scripts $base/lib/lidar_slam_robot --single-version-externally-managed install_data
