[1.132s] Invoking command in '/home/vboxuser/lidar_slam_ws/src/lidar_slam_robot': PYTHONPATH=/home/vboxuser/lidar_slam_ws/build/lidar_slam_robot/prefix_override:/usr/lib/python3/dist-packages/colcon_core/task/python/colcon_distutils_commands:/home/vboxuser/lidar_slam_ws/install/lidar_slam_robot/lib/python3.10/site-packages:${PYTHONPATH} /usr/bin/python3 -W ignore:setup.py install is deprecated -W ignore:easy_install command is deprecated setup.py egg_info --egg-base ../../build/lidar_slam_robot build --build-base /home/vboxuser/lidar_slam_ws/build/lidar_slam_robot/build install --record /home/vboxuser/lidar_slam_ws/build/lidar_slam_robot/install.log --install-scripts $base/lib/lidar_slam_robot --single-version-externally-managed install_data
[1.338s] running egg_info
[1.340s] creating ../../build/lidar_slam_robot/lidar_slam_robot.egg-info
[1.341s] writing ../../build/lidar_slam_robot/lidar_slam_robot.egg-info/PKG-INFO
[1.341s] writing dependency_links to ../../build/lidar_slam_robot/lidar_slam_robot.egg-info/dependency_links.txt
[1.341s] writing entry points to ../../build/lidar_slam_robot/lidar_slam_robot.egg-info/entry_points.txt
[1.341s] writing requirements to ../../build/lidar_slam_robot/lidar_slam_robot.egg-info/requires.txt
[1.351s] writing top-level names to ../../build/lidar_slam_robot/lidar_slam_robot.egg-info/top_level.txt
[1.351s] writing manifest file '../../build/lidar_slam_robot/lidar_slam_robot.egg-info/SOURCES.txt'
[1.351s] reading manifest file '../../build/lidar_slam_robot/lidar_slam_robot.egg-info/SOURCES.txt'
[1.351s] writing manifest file '../../build/lidar_slam_robot/lidar_slam_robot.egg-info/SOURCES.txt'
[1.353s] running build
[1.353s] running build_py
[1.353s] creating /home/vboxuser/lidar_slam_ws/build/lidar_slam_robot/build
[1.353s] creating /home/vboxuser/lidar_slam_ws/build/lidar_slam_robot/build/lib
[1.353s] creating /home/vboxuser/lidar_slam_ws/build/lidar_slam_robot/build/lib/lidar_slam_robot
[1.354s] copying lidar_slam_robot/teleop_controller.py -> /home/vboxuser/lidar_slam_ws/build/lidar_slam_robot/build/lib/lidar_slam_robot
[1.354s] copying lidar_slam_robot/__init__.py -> /home/vboxuser/lidar_slam_ws/build/lidar_slam_robot/build/lib/lidar_slam_robot
[1.354s] running install
[1.354s] running install_lib
[1.356s] creating /home/vboxuser/lidar_slam_ws/install/lidar_slam_robot/lib/python3.10/site-packages/lidar_slam_robot
[1.356s] copying /home/vboxuser/lidar_slam_ws/build/lidar_slam_robot/build/lib/lidar_slam_robot/teleop_controller.py -> /home/vboxuser/lidar_slam_ws/install/lidar_slam_robot/lib/python3.10/site-packages/lidar_slam_robot
[1.356s] copying /home/vboxuser/lidar_slam_ws/build/lidar_slam_robot/build/lib/lidar_slam_robot/__init__.py -> /home/vboxuser/lidar_slam_ws/install/lidar_slam_robot/lib/python3.10/site-packages/lidar_slam_robot
[1.357s] byte-compiling /home/vboxuser/lidar_slam_ws/install/lidar_slam_robot/lib/python3.10/site-packages/lidar_slam_robot/teleop_controller.py to teleop_controller.cpython-310.pyc
[1.357s] byte-compiling /home/vboxuser/lidar_slam_ws/install/lidar_slam_robot/lib/python3.10/site-packages/lidar_slam_robot/__init__.py to __init__.cpython-310.pyc
[1.357s] running install_data
[1.357s] creating /home/vboxuser/lidar_slam_ws/install/lidar_slam_robot/share/ament_index
[1.357s] creating /home/vboxuser/lidar_slam_ws/install/lidar_slam_robot/share/ament_index/resource_index
[1.357s] creating /home/vboxuser/lidar_slam_ws/install/lidar_slam_robot/share/ament_index/resource_index/packages
[1.357s] copying resource/lidar_slam_robot -> /home/vboxuser/lidar_slam_ws/install/lidar_slam_robot/share/ament_index/resource_index/packages
[1.357s] copying package.xml -> /home/vboxuser/lidar_slam_ws/install/lidar_slam_robot/share/lidar_slam_robot
[1.357s] running install_egg_info
[1.360s] Copying ../../build/lidar_slam_robot/lidar_slam_robot.egg-info to /home/vboxuser/lidar_slam_ws/install/lidar_slam_robot/lib/python3.10/site-packages/lidar_slam_robot-0.0.1-py3.10.egg-info
[1.360s] running install_scripts
[1.385s] Installing teleop_controller script to /home/vboxuser/lidar_slam_ws/install/lidar_slam_robot/lib/lidar_slam_robot
[1.387s] writing list of installed files to '/home/vboxuser/lidar_slam_ws/build/lidar_slam_robot/install.log'
[1.421s] Invoked command in '/home/vboxuser/lidar_slam_ws/src/lidar_slam_robot' returned '0': PYTHONPATH=/home/vboxuser/lidar_slam_ws/build/lidar_slam_robot/prefix_override:/usr/lib/python3/dist-packages/colcon_core/task/python/colcon_distutils_commands:/home/vboxuser/lidar_slam_ws/install/lidar_slam_robot/lib/python3.10/site-packages:${PYTHONPATH} /usr/bin/python3 -W ignore:setup.py install is deprecated -W ignore:easy_install command is deprecated setup.py egg_info --egg-base ../../build/lidar_slam_robot build --build-base /home/vboxuser/lidar_slam_ws/build/lidar_slam_robot/build install --record /home/vboxuser/lidar_slam_ws/build/lidar_slam_robot/install.log --install-scripts $base/lib/lidar_slam_robot --single-version-externally-managed install_data
